-------------------------------------------------------------------------------
Test set: com.example.dateprovider.pact.PactAgeProviderTest
-------------------------------------------------------------------------------
Tests run: 1, Failures: 0, Errors: 1, Skipped: 0, Time elapsed: 5.337 s <<< FAILURE! - in com.example.dateprovider.pact.PactAgeProviderTest
com.example.dateprovider.pact.PactAgeProviderTest.pactVerificationTestTemplate(PactVerificationContext)  Time elapsed: 5.329 s  <<< ERROR!
au.com.dius.pact.core.pactbroker.InvalidNavigationRequest: Failed to fetch the root HAL document
Caused by: org.apache.http.conn.HttpHostConnectException: Connect to localhost:8282 [localhost/127.0.0.1, localhost/0:0:0:0:0:0:0:1] failed: Connection refused: connect
Caused by: java.net.ConnectException: Connection refused: connect

